#-----------------------------------------------------------
# Vivado v2016.1 (64-bit)
# SW Build 1538259 on Fri Apr  8 15:45:27 MDT 2016
# IP Build 1537824 on Fri Apr  8 04:28:57 MDT 2016
# Start of session at: Wed Mar 01 13:31:26 2023
# Process ID: 180
# Current directory: D:/test/bin_bcd
# Command line: vivado.exe -gui_launcher_event rodinguilauncherevent8800 D:\test\bin_bcd\bin_bcd.xpr
# Log file: D:/test/bin_bcd/vivado.log
# Journal file: D:/test/bin_bcd\vivado.jou
#-----------------------------------------------------------
start_gui
open_project D:/test/bin_bcd/bin_bcd.xpr
Scanning sources...
Finished scanning sources
INFO: [IP_Flow 19-234] Refreshing IP repositories
INFO: [IP_Flow 19-1704] No user IP repositories specified
INFO: [IP_Flow 19-2313] Loaded Vivado IP repository 'C:/Xilinx/Vivado/2016.1/data/ip'.
update_compile_order -fileset sources_1
exit
INFO: [Common 17-206] Exiting Vivado at Wed Mar 01 13:38:14 2023...
